2022-09-10 23:45:49,441  INFO [main] AssignmentMavenProject:37 - Url Entered Successfully
 2022-09-10 23:45:51,986  INFO [main] AssignmentMavenProject:67 - Application Closed Successfully
 2022-09-10 23:47:55,174  INFO [main] AssignmentMavenProject:37 - Url Entered Successfully
 2022-09-10 23:47:57,777  INFO [main] AssignmentMavenProject:67 - Application Closed Successfully
 2022-09-10 23:51:11,739  INFO [main] AssignmentMavenProject:37 - Url Entered Successfully
 2022-09-10 23:51:22,930  INFO [main] AssignmentMavenProject:67 - Application Closed Successfully
 2022-09-10 23:52:56,505  INFO [main] AssignmentMavenProject:37 - Url Entered Successfully
 2022-09-10 23:52:57,679  INFO [main] AssignmentMavenProject:67 - Application Closed Successfully
 2022-09-10 23:54:53,073  INFO [main] AssignmentMavenProject:37 - Url Entered Successfully
 2022-09-10 23:54:54,509  INFO [main] AssignmentMavenProject:69 - Application Closed Successfully
 2022-09-10 23:56:30,597  INFO [main] AssignmentMavenProject:37 - Url Entered Successfully
 2022-09-10 23:56:35,077  INFO [main] AssignmentMavenProject:70 - Application Closed Successfully
 2022-09-10 23:57:57,120  INFO [main] AssignmentMavenProject:37 - Url Entered Successfully
 2022-09-10 23:58:00,668  INFO [main] AssignmentMavenProject:48 - Email Entered Successfully
 2022-09-10 23:58:01,677  INFO [main] AssignmentMavenProject:69 - Application Closed Successfully
 2022-09-11 00:03:17,361  INFO [main] AssignmentMavenProject:34 - Url Ebtered Successfully
 2022-09-11 00:03:20,783  INFO [main] AssignmentMavenProject:42 - WebPage Open as FullScreen Successfully
 2022-09-11 00:03:21,795  INFO [main] AssignmentMavenProject:55 - Application Closed Successfully
 2022-09-11 00:07:15,576  INFO [main] AssignmentMavenProject:37 - Url Entered Successfully
 2022-09-11 00:07:19,132  INFO [main] AssignmentMavenProject:48 - Email Entered Successfully
 2022-09-11 00:07:20,079  INFO [main] AssignmentMavenProject:69 - Application Closed Successfully
 2022-09-11 00:37:02,143  INFO [main] AssignmentMavenProject:46 - Email Entered Successfully
 2022-09-11 00:38:21,309  INFO [main] AssignmentMavenProject:46 - Email Entered Successfully
 2022-09-11 00:38:28,246  INFO [main] AssignmentMavenProject:83 - Application Closed Successfully
 2022-09-11 00:45:53,938  INFO [main] AssignmentMavenProject:48 - Email Entered Successfully
 2022-09-11 00:46:03,550  INFO [main] AssignmentMavenProject:79 - Application Closed Successfully
 2022-09-11 01:30:39,272  INFO [main] AssignmentMavenProject:37 - Url Entered Successfully
 2022-09-11 01:30:42,869  INFO [main] AssignmentMavenProject:48 - Email Entered Successfully
 2022-09-11 01:30:43,891  INFO [main] AssignmentMavenProject:69 - Application Closed Successfully
 